<?xml version="1.0" encoding="UTF-8"?>
<!-- Generated by org.testng.reporters.JUnitXMLReporter -->
<testsuite ignored="0" hostname="DESKTOP-0T5V2PT" failures="1" tests="3" name="Login" time="0.044" errors="0" timestamp="2023-10-15T12:42:30 MESZ">
  <testcase classname="com.udemy.selenium.testngtutorial.Lesson002" name="paramDemo001" time="0.005"/>
  <testcase classname="com.udemy.selenium.testngtutorial.Lesson002" name="paramDemo0011" time="0.006">
    <failure type="java.lang.AssertionError" message="expected [true] but found [false]">
      <![CDATA[java.lang.AssertionError: expected [true] but found [false]
at com.udemy.selenium.testngtutorial.Lesson002.paramDemo0011(Lesson002.java:21)
at java.base/java.util.ArrayList.forEach(ArrayList.java:1511)
at java.base/java.util.concurrent.FutureTask.run(FutureTask.java:264)
at java.base/java.util.concurrent.ThreadPoolExecutor.runWorker(ThreadPoolExecutor.java:1136)
at java.base/java.util.concurrent.ThreadPoolExecutor$Worker.run(ThreadPoolExecutor.java:635)
at java.base/java.lang.Thread.run(Thread.java:833)
... Removed 21 stack frames]]>
    </failure>
  </testcase> <!-- paramDemo0011 -->
  <testcase classname="com.udemy.selenium.testngtutorial.Lesson002" name="paramDemo0012" time="0.0"/>
</testsuite> <!-- Login -->
